<?xml version="1.0" encoding="UTF-8"?>
<!-- Generated by org.testng.reporters.JUnitReportReporter -->
<testsuite hostname="DESKTOP-HEPIDMH" name="com.maven.demo.Mavendemo" tests="1" failures="0" timestamp="25 Feb 2021 05:31:56 GMT" time="6.418" errors="0">
  <testcase name="Demo" time="6.418" classname="com.maven.demo.Mavendemo"/>
</testsuite> <!-- com.maven.demo.Mavendemo -->
